[Licensing::Module] Trying to connect to existing licensing client channel...
[Licensing::IpcConnector] Successfully connected to the License Client on channel: "LicenseClient-Danny-GOD_PC" at "2024-09-02T04:03:47.5427757Z"
[Licensing::Client] Error: HandshakeResponse reported an error:
	ResponseCode: 505
	ResponseStatus: Unsupported protocol version '1.15.5'.
[Licensing::Module] Error: Failed to handshake to channel: "LicenseClient-Danny-GOD_PC"
[Licensing::IpcConnector] License Client channel disconnected successfully.
[Licensing::IpcConnector] Successfully connected to the License Client on channel: "LicenseClient-Danny-GOD_PC-2022.3.41" at "2024-09-02T04:03:48.6298954Z"
[Licensing::Client] Error: Code 10 while verifying Licensing Client signature (process Id: 4632, path: "C:/Program Files/Unity/Hub/Editor/2022.3.41f1/Editor/Data/Resources/Licensing/Client/Unity.Licensing.Client.exe")
[Licensing::Module] Error: LicensingClient has failed validation; ignoring
[Licensing::Client] Handshaking with LicensingClient:
  Version:                 1.15.5+a2f8afb
  Session Id:              bc19f6d264e64208ad7509615bd26c7b
  Correlation Id:          da003133cc8271d0dc3f168abd8a62bd
  External correlation Id: 3237219885845647119
  Machine Id:              AZQ2fx+t+6NcJoTXwX9pq0+1XHs=
[Licensing::Module] Successfully connected to LicensingClient on channel: "LicenseClient-Danny-GOD_PC-2022.3.41" (connect: 0.00s, validation: 0.01s, handshake: 0.01s)
[Licensing::IpcConnector] Successfully connected to the License Notification on channel: "LicenseClient-Danny-GOD_PC-2022.3.41-notifications" at "2024-09-02T04:03:48.6488486Z"
[Licensing::Module] Error: Access token is unavailable; failed to update
[Licensing::Client] Successfully updated license
Built from '2022.3/staging' branch; Version is '2022.3.41f1 (0f988161febf) revision 1022081'; Using compiler version '192829333'; Build Type 'Release'
OS: 'Windows 11  (10.0.22631) 64bit Core' Language: 'en' Physical Memory: 32701 MB
[Licensing::Client] Successfully resolved entitlement details
[Licensing::Module] Serial number assigned to: "SC-APR7-JWD8-46BE-DRGK-XXXX"
BatchMode: 0, IsHumanControllingUs: 1, StartBugReporterOnCrash: 1, Is64bit: 1, IsPro: 1
[Licensing::Client] Successfully resolved entitlement details

COMMAND LINE ARGUMENTS:
C:\Program Files\Unity\Hub\Editor\2022.3.41f1\Editor\Unity.exe
-dummy
-logFile
Quantum3MigrationLog_09_Waiting_for_user_to_fix_all_errors_interactive.log
-projectpath
quantum_unity
Successfully changed project path to: C:/Users/Danny/Documents/Projects/QuantumDemo/quantum_unity
C:/Users/Danny/Documents/Projects/QuantumDemo/quantum_unity
